<?xml version="1.0" encoding="UTF-8"?>
<!-- Generated by org.testng.reporters.JUnitReportReporter -->
<testsuite skipped="0" hostname="DESKTOP-U5NLOOH" name="TestWebAutomation.TestUploadFunctionalityUsingSendKeys" tests="1" failures="0" timestamp="2021-10-27T20:43:14 IST" time="1.330" errors="0">
  <testcase name="verifyUploadaFileFeature" time="1.330" classname="TestWebAutomation.TestUploadFunctionalityUsingSendKeys"/>
  <system-out/>
</testsuite> <!-- TestWebAutomation.TestUploadFunctionalityUsingSendKeys -->
